# BEAST v1.10.5 Prerelease #23570d1
# Generated Thu Aug 27 16:44:01 PDT 2020 [seed=666]
# -seed 666 -overwrite /Users/homefolder/FluHawkes/xml/fluCombi_geo_BMDS_Hawkes_Exper.xml
state	posterior	prior	likelihood	mdsLikelihood
0	-2.2686959627494538E8	-1302.8261325940753	-2.2686829344881278E8	-2.2686829344881278E8
10000	-1.856022387537563E7	-1546.5953184236955	-1.8558677280057203E7	-1.8558677280057203E7
20000	-1.855980140689888E7	-1546.361823567027	-1.8558255045075312E7	-1.8558255045075312E7
30000	-1.855971830598744E7	-1545.6316554562331	-1.8558172674331985E7	-1.8558172674331985E7
40000	-1.855970492223754E7	-1546.2746527040854	-1.8558158647584837E7	-1.8558158647584837E7
50000	-1.8559697199285906E7	-1546.3706791281525	-1.8558150828606777E7	-1.8558150828606777E7
60000	-1.8559792935146455E7	-1546.8003120597048	-1.8558246134834394E7	-1.8558246134834394E7
70000	-1.8559728843798008E7	-1546.033398999511	-1.8558182810399007E7	-1.8558182810399007E7
80000	-1.8559722489536118E7	-1545.0376657256577	-1.8558177451870393E7	-1.8558177451870393E7
90000	-1.8559757373162348E7	-1544.0873175498177	-1.85582132858448E7	-1.85582132858448E7
100000	-1.8559829058402725E7	-1544.5755842182527	-1.8558284482818507E7	-1.8558284482818507E7
110000	-1.8559786011711646E7	-1545.1834434491102	-1.8558240828268196E7	-1.8558240828268196E7
120000	-1.8559755000697806E7	-1545.4457737702828	-1.8558209554924037E7	-1.8558209554924037E7
130000	-1.855970005129594E7	-1545.136001672709	-1.8558154915294267E7	-1.8558154915294267E7
140000	-1.855966184294809E7	-1544.4875998641205	-1.8558117355348226E7	-1.8558117355348226E7
150000	-1.8559851834714003E7	-1545.70855382752	-1.8558306126160175E7	-1.8558306126160175E7
160000	-1.855975250066651E7	-1545.4224667419178	-1.8558207078199767E7	-1.8558207078199767E7
170000	-1.8559765300504748E7	-1545.8192278613924	-1.8558219481276885E7	-1.8558219481276885E7
180000	-1.8559791564172197E7	-1545.327918966182	-1.855824623625323E7	-1.855824623625323E7
190000	-1.8559815084171977E7	-1546.4830549456906	-1.855826860111703E7	-1.855826860111703E7
200000	-1.8559808105228517E7	-1546.0814471896927	-1.8558262023781326E7	-1.8558262023781326E7
210000	-1.855966019787629E7	-1545.441490880161	-1.855811475638541E7	-1.855811475638541E7
220000	-1.855979375274598E7	-1541.531377836522	-1.855825222136814E7	-1.855825222136814E7
230000	-1.855953583101867E7	-1538.0678730065601	-1.8557997763145667E7	-1.8557997763145667E7
240000	-1.8559673365355197E7	-1541.3473059062292	-1.8558132018049292E7	-1.8558132018049292E7
250000	-1.8559729659248665E7	-1541.7744827925017	-1.855818788476587E7	-1.855818788476587E7
260000	-1.8559740139308427E7	-1542.604019582286	-1.8558197535288844E7	-1.8558197535288844E7
270000	-1.8559754343303584E7	-1542.1933930112846	-1.8558212149910573E7	-1.8558212149910573E7
280000	-1.8559712493341748E7	-1540.2662372021061	-1.8558172227104545E7	-1.8558172227104545E7
290000	-1.855979654872303E7	-1540.5888062913843	-1.855825595991674E7	-1.855825595991674E7
300000	-1.8559674132815085E7	-1538.0815075532173	-1.8558136051307533E7	-1.8558136051307533E7
310000	-1.8559751324445117E7	-1538.7915896685959	-1.8558212532855447E7	-1.8558212532855447E7
320000	-1.855985324920654E7	-1538.5000570020202	-1.855831474914954E7	-1.855831474914954E7
330000	-1.855974982227288E7	-1540.2746707446017	-1.8558209547602132E7	-1.8558209547602132E7
340000	-1.8559639331047304E7	-1540.4608713079306	-1.8558098870175995E7	-1.8558098870175995E7
350000	-1.8559727178301595E7	-1538.1996737120248	-1.8558188978627883E7	-1.8558188978627883E7
360000	-1.8559666046154592E7	-1536.961161234166	-1.855812908499336E7	-1.855812908499336E7
370000	-1.855971124115765E7	-1534.5562227177056	-1.8558176684934933E7	-1.8558176684934933E7
380000	-1.8559671742797114E7	-1533.8295365242893	-1.855813791326059E7	-1.855813791326059E7
390000	-1.855973972350078E7	-1533.912015856526	-1.8558205811484925E7	-1.8558205811484925E7
400000	-1.8559695892519698E7	-1531.69842532974	-1.8558164194094367E7	-1.8558164194094367E7
410000	-1.855972961312107E7	-1530.640672178632	-1.8558198972448893E7	-1.8558198972448893E7
420000	-1.855982068720435E7	-1531.8923142301421	-1.855828879489012E7	-1.855828879489012E7
430000	-1.8559852410802677E7	-1528.007443009557	-1.8558324403359666E7	-1.8558324403359666E7
440000	-1.855964978887749E7	-1527.8400230868472	-1.8558121948854405E7	-1.8558121948854405E7
450000	-1.855969707483616E7	-1527.2769167252384	-1.8558169797919437E7	-1.8558169797919437E7
460000	-1.8559764077433806E7	-1524.230248430762	-1.8558239847185373E7	-1.8558239847185373E7
470000	-1.8559751743750505E7	-1522.6935364091305	-1.8558229050214097E7	-1.8558229050214097E7
480000	-1.8559603173305552E7	-1520.4350735999114	-1.8558082738231953E7	-1.8558082738231953E7
490000	-1.8559731366477333E7	-1518.2086957180386	-1.8558213157781616E7	-1.8558213157781616E7
500000	-1.8559740246576972E7	-1517.8005705503742	-1.855822244600642E7	-1.855822244600642E7
510000	-1.8559610837244403E7	-1515.9839297988658	-1.8558094853314605E7	-1.8558094853314605E7
520000	-1.8559693080503125E7	-1513.528874911639	-1.8558179551628213E7	-1.8558179551628213E7
530000	-1.855966375344445E7	-1510.1558417712627	-1.855815359760268E7	-1.855815359760268E7
540000	-1.8559705128902953E7	-1508.3999836083403	-1.8558196728919346E7	-1.8558196728919346E7
550000	-1.8559688131014813E7	-1505.4020859505722	-1.8558182728928864E7	-1.8558182728928864E7
560000	-1.8559704878611762E7	-1506.4196461582585	-1.8558198458965603E7	-1.8558198458965603E7
570000	-1.8559722900716078E7	-1505.5341777691979	-1.855821736653831E7	-1.855821736653831E7
580000	-1.855968170430635E7	-1506.2890987431892	-1.8558175415207606E7	-1.8558175415207606E7
590000	-1.8559736915328167E7	-1508.8172625098368	-1.855822809806566E7	-1.855822809806566E7
600000	-1.855967444688115E7	-1505.5145315765453	-1.8558168932349574E7	-1.8558168932349574E7
610000	-1.8559601162296575E7	-1506.3414654315904	-1.8558094820831142E7	-1.8558094820831142E7
620000	-1.8559571758472696E7	-1506.387159407816	-1.855806537131329E7	-1.855806537131329E7
630000	-1.8559670124274265E7	-1503.4462576722135	-1.855816667801659E7	-1.855816667801659E7
640000	-1.855968089681555E7	-1500.3393974327682	-1.8558180557418115E7	-1.8558180557418115E7
650000	-1.8559622469912E7	-1499.8080884362532	-1.8558122661823563E7	-1.8558122661823563E7
660000	-1.8559691518150184E7	-1498.2549292789454	-1.8558193263220906E7	-1.8558193263220906E7
670000	-1.8559771689039122E7	-1499.324635112555	-1.855827236440401E7	-1.855827236440401E7
680000	-1.855969173628906E7	-1498.6561030222065	-1.855819308018604E7	-1.855819308018604E7
690000	-1.855967467883503E7	-1496.5178021335119	-1.8558178161032896E7	-1.8558178161032896E7
700000	-1.8559647228525516E7	-1494.5279602381956	-1.855815270056528E7	-1.855815270056528E7
710000	-1.8559603443912383E7	-1492.9425534116335	-1.855811050135897E7	-1.855811050135897E7
720000	-1.855960064985844E7	-1493.4340407755587	-1.8558107215817664E7	-1.8558107215817664E7
730000	-1.8559701933865946E7	-1492.7112145679457	-1.8558209222651377E7	-1.8558209222651377E7
740000	-1.8559677855357602E7	-1492.3195232897442	-1.8558185535834312E7	-1.8558185535834312E7
750000	-1.855964204431692E7	-1491.24231744515	-1.8558150801999476E7	-1.8558150801999476E7
760000	-1.8559719958790734E7	-1491.129890260736	-1.8558228828900475E7	-1.8558228828900475E7
770000	-1.855971640244231E7	-1490.6516587572983	-1.855822575078355E7	-1.855822575078355E7
780000	-1.8559683784496006E7	-1490.8368433768583	-1.855819294765263E7	-1.855819294765263E7
790000	-1.8559629609689746E7	-1489.6840543940161	-1.8558139925635353E7	-1.8558139925635353E7
800000	-1.8559611285126477E7	-1487.9959057427984	-1.8558123289220735E7	-1.8558123289220735E7
810000	-1.855962030290258E7	-1487.0762350441137	-1.8558133226667535E7	-1.8558133226667535E7
820000	-1.8559713495283585E7	-1485.7474526723636	-1.8558227747830912E7	-1.8558227747830912E7
830000	-1.8559651018515687E7	-1485.6708315207497	-1.8558165347684167E7	-1.8558165347684167E7
840000	-1.8559666532644786E7	-1483.3492427749898	-1.855818318340201E7	-1.855818318340201E7
850000	-1.8559678718811847E7	-1482.3173758525645	-1.8558196401435994E7	-1.8558196401435994E7
860000	-1.8559613531709857E7	-1480.504440373632	-1.8558133027269483E7	-1.8558133027269483E7
870000	-1.8559728541995175E7	-1481.6460633649122	-1.855824689593181E7	-1.855824689593181E7
880000	-1.8559688118313815E7	-1479.584541882372	-1.8558208533771932E7	-1.8558208533771932E7
890000	-1.855973249740436E7	-1478.3999099053121	-1.8558254097494453E7	-1.8558254097494453E7
900000	-1.855976489317395E7	-1477.4679784735863	-1.8558287425195478E7	-1.8558287425195478E7
910000	-1.855980127921305E7	-1478.1519852146025	-1.8558323127227835E7	-1.8558323127227835E7
920000	-1.8559714254357327E7	-1476.6540087537778	-1.8558237600348573E7	-1.8558237600348573E7
930000	-1.855967814705057E7	-1476.127188722939	-1.8558202019861847E7	-1.8558202019861847E7
940000	-1.8559742397047963E7	-1475.5829661315383	-1.8558266814081833E7	-1.8558266814081833E7
950000	-1.8559666132471755E7	-1473.8763236311017	-1.8558192256148122E7	-1.8558192256148122E7
960000	-1.8559629577878125E7	-1473.3169692541824	-1.8558156260908872E7	-1.8558156260908872E7
970000	-1.8559632374446817E7	-1473.343348197494	-1.855815903109862E7	-1.855815903109862E7
980000	-1.855960302491335E7	-1471.7318965932973	-1.8558131293016754E7	-1.8558131293016754E7
990000	-1.8559713290843908E7	-1469.8651679061843	-1.8558243425676003E7	-1.8558243425676003E7
1000000	-1.855968973881489E7	-1468.3757684372324	-1.8558221363046452E7	-1.8558221363046452E7
1010000	-1.855969475301805E7	-1468.5337935468808	-1.8558226219224505E7	-1.8558226219224505E7
1020000	-1.8559544672366537E7	-1468.7657888822073	-1.8558075906577654E7	-1.8558075906577654E7
1030000	-1.8559686728569187E7	-1468.7829260660346	-1.855821794564312E7	-1.855821794564312E7
1040000	-1.855965853192462E7	-1467.8502803203542	-1.8558190681644298E7	-1.8558190681644298E7
1050000	-1.8559827749008495E7	-1467.5055796470476	-1.855836024342885E7	-1.855836024342885E7
1060000	-1.8559656301791787E7	-1466.3857997663133	-1.855818991599202E7	-1.855818991599202E7
1070000	-1.855977658645357E7	-1465.952399102142	-1.8558310634054467E7	-1.8558310634054467E7
1080000	-1.855964772952112E7	-1464.4434515808919	-1.8558183286069542E7	-1.8558183286069542E7
1090000	-1.8559632657942515E7	-1464.372363698304	-1.8558168285578817E7	-1.8558168285578817E7
1100000	-1.8559606034030292E7	-1465.5278209793107	-1.8558140506209314E7	-1.8558140506209314E7
1110000	-1.8559737657190137E7	-1466.5890310727673	-1.8558271068159062E7	-1.8558271068159062E7
1120000	-1.8559605198675778E7	-1466.3335655453493	-1.8558138865110233E7	-1.8558138865110233E7
1130000	-1.8559684206907462E7	-1465.7363714548871	-1.855821847053601E7	-1.855821847053601E7
1140000	-1.8559595638563707E7	-1465.1366087954434	-1.8558130501954913E7	-1.8558130501954913E7
1150000	-1.8559722111461576E7	-1466.0266342356076	-1.855825608482734E7	-1.855825608482734E7
1160000	-1.8559608607953817E7	-1465.4129783049643	-1.855814319497551E7	-1.855814319497551E7
1170000	-1.8559752790801816E7	-1465.1976432513175	-1.8558287593158565E7	-1.8558287593158565E7
1180000	-1.855969817827378E7	-1466.067337636513	-1.8558232110936143E7	-1.8558232110936143E7
1190000	-1.855967219459329E7	-1465.6050891537761	-1.8558206589504138E7	-1.8558206589504138E7
1200000	-1.855966473740452E7	-1465.831305876255	-1.8558198906098645E7	-1.8558198906098645E7
1210000	-1.855973409103425E7	-1465.8951816370854	-1.855826819585261E7	-1.855826819585261E7
1220000	-1.8559482591536276E7	-1466.4362491522497	-1.8558016155287124E7	-1.8558016155287124E7
1230000	-1.8559674810605124E7	-1465.8148350173574	-1.8558208995770108E7	-1.8558208995770108E7
1240000	-1.8559743011161834E7	-1464.5312425868308	-1.8558278479919247E7	-1.8558278479919247E7
1250000	-1.8559584952934716E7	-1464.540395463163	-1.855812041253925E7	-1.855812041253925E7
1260000	-1.8559562807016168E7	-1464.5747966658587	-1.8558098232219502E7	-1.8558098232219502E7
1270000	-1.855957627429625E7	-1464.5160184561942	-1.8558111758277792E7	-1.8558111758277792E7
1280000	-1.8559645205731288E7	-1463.8236382221469	-1.8558181382093064E7	-1.8558181382093064E7
1290000	-1.8559630903944287E7	-1464.8576010680604	-1.855816604634322E7	-1.855816604634322E7
1300000	-1.8559586391054504E7	-1464.4170025416338	-1.8558121974051964E7	-1.8558121974051964E7
1310000	-1.855958142564742E7	-1464.009163936275	-1.8558117416483484E7	-1.8558117416483484E7
1320000	-1.8559630243148506E7	-1464.0126089019197	-1.8558166230539605E7	-1.8558166230539605E7
1330000	-1.8559674009796336E7	-1464.9052292252295	-1.855820910456711E7	-1.855820910456711E7
1340000	-1.8559645818022087E7	-1465.3829210093695	-1.8558180435101077E7	-1.8558180435101077E7
1350000	-1.855960412126123E7	-1464.8114141304209	-1.85581393098471E7	-1.85581393098471E7
1360000	-1.855970994421914E7	-1464.8616343018812	-1.8558245082584836E7	-1.8558245082584836E7
1370000	-1.8559693009024505E7	-1464.1540008372297	-1.8558228855023667E7	-1.8558228855023667E7
1380000	-1.8559673567758445E7	-1465.11460966407	-1.8558208453148782E7	-1.8558208453148782E7
1390000	-1.8559721202840075E7	-1465.1855403345612	-1.855825601729974E7	-1.855825601729974E7
1400000	-1.8559714682774987E7	-1463.9375174720954	-1.8558250745257515E7	-1.8558250745257515E7
1410000	-1.8559691461905684E7	-1463.7049250634122	-1.855822775698062E7	-1.855822775698062E7
1420000	-1.8559642431796093E7	-1463.1261269176857	-1.8558179305669174E7	-1.8558179305669174E7
1430000	-1.855966998644824E7	-1462.3766844384554	-1.85582076097638E7	-1.85582076097638E7
1440000	-1.8559639235495258E7	-1461.4367749259593	-1.8558177798720334E7	-1.8558177798720334E7
1450000	-1.8559692986501373E7	-1461.8332725900518	-1.8558231153228782E7	-1.8558231153228782E7
1460000	-1.8559673761192694E7	-1461.4069815137314	-1.855821235421118E7	-1.855821235421118E7
1470000	-1.8559482273615953E7	-1461.4135372033375	-1.855802086007875E7	-1.855802086007875E7
1480000	-1.8559702650357854E7	-1462.074215794841	-1.8558240576142058E7	-1.8558240576142058E7
1490000	-1.8559707903317314E7	-1462.754296633815	-1.855824514902068E7	-1.855824514902068E7
1500000	-1.8559666622899562E7	-1462.4151896319222	-1.855820420770993E7	-1.855820420770993E7
1510000	-1.8559680486946143E7	-1461.1472035473194	-1.8558219339742597E7	-1.8558219339742597E7
