# BEAST v1.10.5 Prerelease #23570d1
# Generated Thu Aug 27 16:44:02 PDT 2020 [seed=666]
# -seed 666 -overwrite /Users/homefolder/FluHawkes/xml/fluCombi_geo_BMDS_Hawkes_Exper.xml
state	mds.residual.precision	sigmaXprec.h1	tauXprec.h1	tauTprec.h1	omega.h1	theta.h1	mu0.h1	sigmaXprec.h3	tauXprec.h3	tauTprec.h3	omega.h3	theta.h3	mu0.h3	sigmaXprec.yam	tauXprec.yam	tauTprec.yam	omega.yam	theta.yam	mu0.yam	sigmaXprec.vic	tauXprec.vic	tauTprec.vic	omega.vic	theta.vic	mu0.vic
0	10.0	70.0	11.0	0.7	18.0	0.8	0.2	100.0	10.0	0.01	2.0	0.9	0.6	80.0	2.0	0.05	2.0	1.0	0.6	0.2	20.0	1.5	20.0	0.3	0.7
10000	0.6843056310897795	70.0	11.0	0.7	18.0	0.8	0.2	100.0	10.0	0.01	2.0	0.9	0.6	80.0	2.0	0.05	2.0	1.0	0.6	0.2	20.0	1.5	20.0	0.3	0.7
20000	0.6845690336066858	70.0	11.0	0.7	18.0	0.8	0.2	100.0	10.0	0.01	2.0	0.9	0.6	80.0	2.0	0.05	2.0	1.0	0.6	0.2	20.0	1.5	20.0	0.3	0.7
30000	0.6849553435651122	70.0	11.0	0.7	18.0	0.8	0.2	100.0	10.0	0.01	2.0	0.9	0.6	80.0	2.0	0.05	2.0	1.0	0.6	0.2	20.0	1.5	20.0	0.3	0.7
40000	0.6845278771445439	70.0	11.0	0.7	18.0	0.8	0.2	100.0	10.0	0.01	2.0	0.9	0.6	80.0	2.0	0.05	2.0	1.0	0.6	0.2	20.0	1.5	20.0	0.3	0.7
50000	0.6843342146571451	70.0	11.0	0.7	18.0	0.8	0.2	100.0	10.0	0.01	2.0	0.9	0.6	80.0	2.0	0.05	2.0	1.0	0.6	0.2	20.0	1.5	20.0	0.3	0.7
60000	0.6844422583494874	70.0	11.0	0.7	18.0	0.8	0.2	100.0	10.0	0.01	2.0	0.9	0.6	80.0	2.0	0.05	2.0	1.0	0.6	0.2	20.0	1.5	20.0	0.3	0.7
70000	0.6843930357115701	70.0	11.0	0.7	18.0	0.8	0.2	100.0	10.0	0.01	2.0	0.9	0.6	80.0	2.0	0.05	2.0	1.0	0.6	0.2	20.0	1.5	20.0	0.3	0.7
80000	0.6840289700618158	70.0	11.0	0.7	18.0	0.8	0.2	100.0	10.0	0.01	2.0	0.9	0.6	80.0	2.0	0.05	2.0	1.0	0.6	0.2	20.0	1.5	20.0	0.3	0.7
90000	0.6844024389270443	70.0	11.0	0.7	18.0	0.8	0.2	100.0	10.0	0.01	2.0	0.9	0.6	80.0	2.0	0.05	2.0	1.0	0.6	0.2	20.0	1.5	20.0	0.3	0.7
100000	0.6843579174983021	70.0	11.0	0.7	18.0	0.8	0.2	100.0	10.0	0.01	2.0	0.9	0.6	80.0	2.0	0.05	2.0	1.0	0.6	0.2	20.0	1.5	20.0	0.3	0.7
110000	0.6849362759464148	70.0	11.0	0.7	18.0	0.8	0.2	100.0	10.0	0.01	2.0	0.9	0.6	80.0	2.0	0.05	2.0	1.0	0.6	0.2	20.0	1.5	20.0	0.3	0.7
120000	0.6845066592028773	70.0	11.0	0.7	18.0	0.8	0.2	100.0	10.0	0.01	2.0	0.9	0.6	80.0	2.0	0.05	2.0	1.0	0.6	0.2	20.0	1.5	20.0	0.3	0.7
130000	0.6844765305186891	70.0	11.0	0.7	18.0	0.8	0.2	100.0	10.0	0.01	2.0	0.9	0.6	80.0	2.0	0.05	2.0	1.0	0.6	0.2	20.0	1.5	20.0	0.3	0.7
140000	0.6847621063484284	70.0	11.0	0.7	18.0	0.8	0.2	100.0	10.0	0.01	2.0	0.9	0.6	80.0	2.0	0.05	2.0	1.0	0.6	0.2	20.0	1.5	20.0	0.3	0.7
150000	0.683813241015338	70.0	11.0	0.7	18.0	0.8	0.2	100.0	10.0	0.01	2.0	0.9	0.6	80.0	2.0	0.05	2.0	1.0	0.6	0.2	20.0	1.5	20.0	0.3	0.7
160000	0.6845995866026682	70.0	11.0	0.7	18.0	0.8	0.2	100.0	10.0	0.01	2.0	0.9	0.6	80.0	2.0	0.05	2.0	1.0	0.6	0.2	20.0	1.5	20.0	0.3	0.7
170000	0.6848118819303939	70.0	11.0	0.7	18.0	0.8	0.2	100.0	10.0	0.01	2.0	0.9	0.6	80.0	2.0	0.05	2.0	1.0	0.6	0.2	20.0	1.5	20.0	0.3	0.7
180000	0.6843266657581845	70.0	11.0	0.7	18.0	0.8	0.2	100.0	10.0	0.01	2.0	0.9	0.6	80.0	2.0	0.05	2.0	1.0	0.6	0.2	20.0	1.5	20.0	0.3	0.7
190000	0.6845707425711719	70.0	11.0	0.7	18.0	0.8	0.2	100.0	10.0	0.01	2.0	0.9	0.6	80.0	2.0	0.05	2.0	1.0	0.6	0.2	20.0	1.5	20.0	0.3	0.7
200000	0.6840208561387989	70.0	11.0	0.7	18.0	0.8	0.2	100.0	10.0	0.01	2.0	0.9	0.6	80.0	2.0	0.05	2.0	1.0	0.6	0.2	20.0	1.5	20.0	0.3	0.7
210000	0.684782965552735	70.0	11.0	0.7	18.0	0.8	0.2	100.0	10.0	0.01	2.0	0.9	0.6	80.0	2.0	0.05	2.0	1.0	0.6	0.2	20.0	1.5	20.0	0.3	0.7
220000	0.6841598410434555	70.0	11.0	0.7	18.0	0.8	0.2	100.0	10.0	0.01	2.0	0.9	0.6	80.0	2.0	0.05	2.0	1.0	0.6	0.2	20.0	1.5	20.0	0.3	0.7
230000	0.6843409113180139	70.0	11.0	0.7	18.0	0.8	0.2	100.0	10.0	0.01	2.0	0.9	0.6	80.0	2.0	0.05	2.0	1.0	0.6	0.2	20.0	1.5	20.0	0.3	0.7
240000	0.6843463321158243	70.0	11.0	0.7	18.0	0.8	0.2	100.0	10.0	0.01	2.0	0.9	0.6	80.0	2.0	0.05	2.0	1.0	0.6	0.2	20.0	1.5	20.0	0.3	0.7
250000	0.6844865740302941	70.0	11.0	0.7	18.0	0.8	0.2	100.0	10.0	0.01	2.0	0.9	0.6	80.0	2.0	0.05	2.0	1.0	0.6	0.2	20.0	1.5	20.0	0.3	0.7
260000	0.6840246649476992	70.0	11.0	0.7	18.0	0.8	0.2	100.0	10.0	0.01	2.0	0.9	0.6	80.0	2.0	0.05	2.0	1.0	0.6	0.2	20.0	1.5	20.0	0.3	0.7
270000	0.6842346885506455	70.0	11.0	0.7	18.0	0.8	0.2	100.0	10.0	0.01	2.0	0.9	0.6	80.0	2.0	0.05	2.0	1.0	0.6	0.2	20.0	1.5	20.0	0.3	0.7
280000	0.6844040990942618	70.0	11.0	0.7	18.0	0.8	0.2	100.0	10.0	0.01	2.0	0.9	0.6	80.0	2.0	0.05	2.0	1.0	0.6	0.2	20.0	1.5	20.0	0.3	0.7
290000	0.6845225860653121	70.0	11.0	0.7	18.0	0.8	0.2	100.0	10.0	0.01	2.0	0.9	0.6	80.0	2.0	0.05	2.0	1.0	0.6	0.2	20.0	1.5	20.0	0.3	0.7
300000	0.6850162146958325	70.0	11.0	0.7	18.0	0.8	0.2	100.0	10.0	0.01	2.0	0.9	0.6	80.0	2.0	0.05	2.0	1.0	0.6	0.2	20.0	1.5	20.0	0.3	0.7
310000	0.6839421354762407	70.0	11.0	0.7	18.0	0.8	0.2	100.0	10.0	0.01	2.0	0.9	0.6	80.0	2.0	0.05	2.0	1.0	0.6	0.2	20.0	1.5	20.0	0.3	0.7
320000	0.6845325228708522	70.0	11.0	0.7	18.0	0.8	0.2	100.0	10.0	0.01	2.0	0.9	0.6	80.0	2.0	0.05	2.0	1.0	0.6	0.2	20.0	1.5	20.0	0.3	0.7
330000	0.6842905376493406	70.0	11.0	0.7	18.0	0.8	0.2	100.0	10.0	0.01	2.0	0.9	0.6	80.0	2.0	0.05	2.0	1.0	0.6	0.2	20.0	1.5	20.0	0.3	0.7
340000	0.6847807537086353	70.0	11.0	0.7	18.0	0.8	0.2	100.0	10.0	0.01	2.0	0.9	0.6	80.0	2.0	0.05	2.0	1.0	0.6	0.2	20.0	1.5	20.0	0.3	0.7
350000	0.6842579852420091	70.0	11.0	0.7	18.0	0.8	0.2	100.0	10.0	0.01	2.0	0.9	0.6	80.0	2.0	0.05	2.0	1.0	0.6	0.2	20.0	1.5	20.0	0.3	0.7
360000	0.684284643163403	70.0	11.0	0.7	18.0	0.8	0.2	100.0	10.0	0.01	2.0	0.9	0.6	80.0	2.0	0.05	2.0	1.0	0.6	0.2	20.0	1.5	20.0	0.3	0.7
370000	0.6849533513373851	70.0	11.0	0.7	18.0	0.8	0.2	100.0	10.0	0.01	2.0	0.9	0.6	80.0	2.0	0.05	2.0	1.0	0.6	0.2	20.0	1.5	20.0	0.3	0.7
380000	0.6839002336283551	70.0	11.0	0.7	18.0	0.8	0.2	100.0	10.0	0.01	2.0	0.9	0.6	80.0	2.0	0.05	2.0	1.0	0.6	0.2	20.0	1.5	20.0	0.3	0.7
390000	0.6839116007041091	70.0	11.0	0.7	18.0	0.8	0.2	100.0	10.0	0.01	2.0	0.9	0.6	80.0	2.0	0.05	2.0	1.0	0.6	0.2	20.0	1.5	20.0	0.3	0.7
400000	0.6840297841798026	70.0	11.0	0.7	18.0	0.8	0.2	100.0	10.0	0.01	2.0	0.9	0.6	80.0	2.0	0.05	2.0	1.0	0.6	0.2	20.0	1.5	20.0	0.3	0.7
410000	0.6836937014054573	70.0	11.0	0.7	18.0	0.8	0.2	100.0	10.0	0.01	2.0	0.9	0.6	80.0	2.0	0.05	2.0	1.0	0.6	0.2	20.0	1.5	20.0	0.3	0.7
420000	0.6843023354417979	70.0	11.0	0.7	18.0	0.8	0.2	100.0	10.0	0.01	2.0	0.9	0.6	80.0	2.0	0.05	2.0	1.0	0.6	0.2	20.0	1.5	20.0	0.3	0.7
430000	0.6840199163909167	70.0	11.0	0.7	18.0	0.8	0.2	100.0	10.0	0.01	2.0	0.9	0.6	80.0	2.0	0.05	2.0	1.0	0.6	0.2	20.0	1.5	20.0	0.3	0.7
440000	0.684290254629055	70.0	11.0	0.7	18.0	0.8	0.2	100.0	10.0	0.01	2.0	0.9	0.6	80.0	2.0	0.05	2.0	1.0	0.6	0.2	20.0	1.5	20.0	0.3	0.7
450000	0.6847631646286071	70.0	11.0	0.7	18.0	0.8	0.2	100.0	10.0	0.01	2.0	0.9	0.6	80.0	2.0	0.05	2.0	1.0	0.6	0.2	20.0	1.5	20.0	0.3	0.7
460000	0.6845858945766244	70.0	11.0	0.7	18.0	0.8	0.2	100.0	10.0	0.01	2.0	0.9	0.6	80.0	2.0	0.05	2.0	1.0	0.6	0.2	20.0	1.5	20.0	0.3	0.7
470000	0.6848948745472463	70.0	11.0	0.7	18.0	0.8	0.2	100.0	10.0	0.01	2.0	0.9	0.6	80.0	2.0	0.05	2.0	1.0	0.6	0.2	20.0	1.5	20.0	0.3	0.7
480000	0.6845201160109995	70.0	11.0	0.7	18.0	0.8	0.2	100.0	10.0	0.01	2.0	0.9	0.6	80.0	2.0	0.05	2.0	1.0	0.6	0.2	20.0	1.5	20.0	0.3	0.7
490000	0.6844388675037466	70.0	11.0	0.7	18.0	0.8	0.2	100.0	10.0	0.01	2.0	0.9	0.6	80.0	2.0	0.05	2.0	1.0	0.6	0.2	20.0	1.5	20.0	0.3	0.7
500000	0.684206679844231	70.0	11.0	0.7	18.0	0.8	0.2	100.0	10.0	0.01	2.0	0.9	0.6	80.0	2.0	0.05	2.0	1.0	0.6	0.2	20.0	1.5	20.0	0.3	0.7
510000	0.6839974666062277	70.0	11.0	0.7	18.0	0.8	0.2	100.0	10.0	0.01	2.0	0.9	0.6	80.0	2.0	0.05	2.0	1.0	0.6	0.2	20.0	1.5	20.0	0.3	0.7
520000	0.6841521467406764	70.0	11.0	0.7	18.0	0.8	0.2	100.0	10.0	0.01	2.0	0.9	0.6	80.0	2.0	0.05	2.0	1.0	0.6	0.2	20.0	1.5	20.0	0.3	0.7
530000	0.6839206977877766	70.0	11.0	0.7	18.0	0.8	0.2	100.0	10.0	0.01	2.0	0.9	0.6	80.0	2.0	0.05	2.0	1.0	0.6	0.2	20.0	1.5	20.0	0.3	0.7
540000	0.6839471640979792	70.0	11.0	0.7	18.0	0.8	0.2	100.0	10.0	0.01	2.0	0.9	0.6	80.0	2.0	0.05	2.0	1.0	0.6	0.2	20.0	1.5	20.0	0.3	0.7
550000	0.6841439284063645	70.0	11.0	0.7	18.0	0.8	0.2	100.0	10.0	0.01	2.0	0.9	0.6	80.0	2.0	0.05	2.0	1.0	0.6	0.2	20.0	1.5	20.0	0.3	0.7
560000	0.6842729834512741	70.0	11.0	0.7	18.0	0.8	0.2	100.0	10.0	0.01	2.0	0.9	0.6	80.0	2.0	0.05	2.0	1.0	0.6	0.2	20.0	1.5	20.0	0.3	0.7
570000	0.6845848690874162	70.0	11.0	0.7	18.0	0.8	0.2	100.0	10.0	0.01	2.0	0.9	0.6	80.0	2.0	0.05	2.0	1.0	0.6	0.2	20.0	1.5	20.0	0.3	0.7
580000	0.6842737535426255	70.0	11.0	0.7	18.0	0.8	0.2	100.0	10.0	0.01	2.0	0.9	0.6	80.0	2.0	0.05	2.0	1.0	0.6	0.2	20.0	1.5	20.0	0.3	0.7
590000	0.6850620478065157	70.0	11.0	0.7	18.0	0.8	0.2	100.0	10.0	0.01	2.0	0.9	0.6	80.0	2.0	0.05	2.0	1.0	0.6	0.2	20.0	1.5	20.0	0.3	0.7
600000	0.6841197770231439	70.0	11.0	0.7	18.0	0.8	0.2	100.0	10.0	0.01	2.0	0.9	0.6	80.0	2.0	0.05	2.0	1.0	0.6	0.2	20.0	1.5	20.0	0.3	0.7
610000	0.6843227949805794	70.0	11.0	0.7	18.0	0.8	0.2	100.0	10.0	0.01	2.0	0.9	0.6	80.0	2.0	0.05	2.0	1.0	0.6	0.2	20.0	1.5	20.0	0.3	0.7
620000	0.6840630074448734	70.0	11.0	0.7	18.0	0.8	0.2	100.0	10.0	0.01	2.0	0.9	0.6	80.0	2.0	0.05	2.0	1.0	0.6	0.2	20.0	1.5	20.0	0.3	0.7
630000	0.6843683225808537	70.0	11.0	0.7	18.0	0.8	0.2	100.0	10.0	0.01	2.0	0.9	0.6	80.0	2.0	0.05	2.0	1.0	0.6	0.2	20.0	1.5	20.0	0.3	0.7
640000	0.6842110214707462	70.0	11.0	0.7	18.0	0.8	0.2	100.0	10.0	0.01	2.0	0.9	0.6	80.0	2.0	0.05	2.0	1.0	0.6	0.2	20.0	1.5	20.0	0.3	0.7
650000	0.6843588963390772	70.0	11.0	0.7	18.0	0.8	0.2	100.0	10.0	0.01	2.0	0.9	0.6	80.0	2.0	0.05	2.0	1.0	0.6	0.2	20.0	1.5	20.0	0.3	0.7
660000	0.6843634399380955	70.0	11.0	0.7	18.0	0.8	0.2	100.0	10.0	0.01	2.0	0.9	0.6	80.0	2.0	0.05	2.0	1.0	0.6	0.2	20.0	1.5	20.0	0.3	0.7
670000	0.6845160997932919	70.0	11.0	0.7	18.0	0.8	0.2	100.0	10.0	0.01	2.0	0.9	0.6	80.0	2.0	0.05	2.0	1.0	0.6	0.2	20.0	1.5	20.0	0.3	0.7
680000	0.6841443137117457	70.0	11.0	0.7	18.0	0.8	0.2	100.0	10.0	0.01	2.0	0.9	0.6	80.0	2.0	0.05	2.0	1.0	0.6	0.2	20.0	1.5	20.0	0.3	0.7
690000	0.684264513483688	70.0	11.0	0.7	18.0	0.8	0.2	100.0	10.0	0.01	2.0	0.9	0.6	80.0	2.0	0.05	2.0	1.0	0.6	0.2	20.0	1.5	20.0	0.3	0.7
700000	0.683646802378331	70.0	11.0	0.7	18.0	0.8	0.2	100.0	10.0	0.01	2.0	0.9	0.6	80.0	2.0	0.05	2.0	1.0	0.6	0.2	20.0	1.5	20.0	0.3	0.7
710000	0.6843174915267015	70.0	11.0	0.7	18.0	0.8	0.2	100.0	10.0	0.01	2.0	0.9	0.6	80.0	2.0	0.05	2.0	1.0	0.6	0.2	20.0	1.5	20.0	0.3	0.7
720000	0.6839518042898092	70.0	11.0	0.7	18.0	0.8	0.2	100.0	10.0	0.01	2.0	0.9	0.6	80.0	2.0	0.05	2.0	1.0	0.6	0.2	20.0	1.5	20.0	0.3	0.7
730000	0.6842527224350075	70.0	11.0	0.7	18.0	0.8	0.2	100.0	10.0	0.01	2.0	0.9	0.6	80.0	2.0	0.05	2.0	1.0	0.6	0.2	20.0	1.5	20.0	0.3	0.7
740000	0.6835949572915234	70.0	11.0	0.7	18.0	0.8	0.2	100.0	10.0	0.01	2.0	0.9	0.6	80.0	2.0	0.05	2.0	1.0	0.6	0.2	20.0	1.5	20.0	0.3	0.7
750000	0.6843934757044701	70.0	11.0	0.7	18.0	0.8	0.2	100.0	10.0	0.01	2.0	0.9	0.6	80.0	2.0	0.05	2.0	1.0	0.6	0.2	20.0	1.5	20.0	0.3	0.7
760000	0.6845566151445871	70.0	11.0	0.7	18.0	0.8	0.2	100.0	10.0	0.01	2.0	0.9	0.6	80.0	2.0	0.05	2.0	1.0	0.6	0.2	20.0	1.5	20.0	0.3	0.7
770000	0.6841878617219741	70.0	11.0	0.7	18.0	0.8	0.2	100.0	10.0	0.01	2.0	0.9	0.6	80.0	2.0	0.05	2.0	1.0	0.6	0.2	20.0	1.5	20.0	0.3	0.7
780000	0.6847533019704618	70.0	11.0	0.7	18.0	0.8	0.2	100.0	10.0	0.01	2.0	0.9	0.6	80.0	2.0	0.05	2.0	1.0	0.6	0.2	20.0	1.5	20.0	0.3	0.7
790000	0.6849783628093699	70.0	11.0	0.7	18.0	0.8	0.2	100.0	10.0	0.01	2.0	0.9	0.6	80.0	2.0	0.05	2.0	1.0	0.6	0.2	20.0	1.5	20.0	0.3	0.7
800000	0.6844033024154518	70.0	11.0	0.7	18.0	0.8	0.2	100.0	10.0	0.01	2.0	0.9	0.6	80.0	2.0	0.05	2.0	1.0	0.6	0.2	20.0	1.5	20.0	0.3	0.7
810000	0.6846252078676517	70.0	11.0	0.7	18.0	0.8	0.2	100.0	10.0	0.01	2.0	0.9	0.6	80.0	2.0	0.05	2.0	1.0	0.6	0.2	20.0	1.5	20.0	0.3	0.7
820000	0.684216284886965	70.0	11.0	0.7	18.0	0.8	0.2	100.0	10.0	0.01	2.0	0.9	0.6	80.0	2.0	0.05	2.0	1.0	0.6	0.2	20.0	1.5	20.0	0.3	0.7
830000	0.6845809388087476	70.0	11.0	0.7	18.0	0.8	0.2	100.0	10.0	0.01	2.0	0.9	0.6	80.0	2.0	0.05	2.0	1.0	0.6	0.2	20.0	1.5	20.0	0.3	0.7
840000	0.6842014298107008	70.0	11.0	0.7	18.0	0.8	0.2	100.0	10.0	0.01	2.0	0.9	0.6	80.0	2.0	0.05	2.0	1.0	0.6	0.2	20.0	1.5	20.0	0.3	0.7
850000	0.6839391688314967	70.0	11.0	0.7	18.0	0.8	0.2	100.0	10.0	0.01	2.0	0.9	0.6	80.0	2.0	0.05	2.0	1.0	0.6	0.2	20.0	1.5	20.0	0.3	0.7
860000	0.6845891702199784	70.0	11.0	0.7	18.0	0.8	0.2	100.0	10.0	0.01	2.0	0.9	0.6	80.0	2.0	0.05	2.0	1.0	0.6	0.2	20.0	1.5	20.0	0.3	0.7
870000	0.6844148596203499	70.0	11.0	0.7	18.0	0.8	0.2	100.0	10.0	0.01	2.0	0.9	0.6	80.0	2.0	0.05	2.0	1.0	0.6	0.2	20.0	1.5	20.0	0.3	0.7
880000	0.6843341084569361	70.0	11.0	0.7	18.0	0.8	0.2	100.0	10.0	0.01	2.0	0.9	0.6	80.0	2.0	0.05	2.0	1.0	0.6	0.2	20.0	1.5	20.0	0.3	0.7
890000	0.6842187794588575	70.0	11.0	0.7	18.0	0.8	0.2	100.0	10.0	0.01	2.0	0.9	0.6	80.0	2.0	0.05	2.0	1.0	0.6	0.2	20.0	1.5	20.0	0.3	0.7
900000	0.684344948869773	70.0	11.0	0.7	18.0	0.8	0.2	100.0	10.0	0.01	2.0	0.9	0.6	80.0	2.0	0.05	2.0	1.0	0.6	0.2	20.0	1.5	20.0	0.3	0.7
910000	0.683892736788605	70.0	11.0	0.7	18.0	0.8	0.2	100.0	10.0	0.01	2.0	0.9	0.6	80.0	2.0	0.05	2.0	1.0	0.6	0.2	20.0	1.5	20.0	0.3	0.7
920000	0.6845998245444743	70.0	11.0	0.7	18.0	0.8	0.2	100.0	10.0	0.01	2.0	0.9	0.6	80.0	2.0	0.05	2.0	1.0	0.6	0.2	20.0	1.5	20.0	0.3	0.7
930000	0.6843112535530657	70.0	11.0	0.7	18.0	0.8	0.2	100.0	10.0	0.01	2.0	0.9	0.6	80.0	2.0	0.05	2.0	1.0	0.6	0.2	20.0	1.5	20.0	0.3	0.7
940000	0.6845638204225479	70.0	11.0	0.7	18.0	0.8	0.2	100.0	10.0	0.01	2.0	0.9	0.6	80.0	2.0	0.05	2.0	1.0	0.6	0.2	20.0	1.5	20.0	0.3	0.7
950000	0.6842846299721869	70.0	11.0	0.7	18.0	0.8	0.2	100.0	10.0	0.01	2.0	0.9	0.6	80.0	2.0	0.05	2.0	1.0	0.6	0.2	20.0	1.5	20.0	0.3	0.7
960000	0.6843512724395252	70.0	11.0	0.7	18.0	0.8	0.2	100.0	10.0	0.01	2.0	0.9	0.6	80.0	2.0	0.05	2.0	1.0	0.6	0.2	20.0	1.5	20.0	0.3	0.7
970000	0.6841270819715393	70.0	11.0	0.7	18.0	0.8	0.2	100.0	10.0	0.01	2.0	0.9	0.6	80.0	2.0	0.05	2.0	1.0	0.6	0.2	20.0	1.5	20.0	0.3	0.7
980000	0.6845245759551061	70.0	11.0	0.7	18.0	0.8	0.2	100.0	10.0	0.01	2.0	0.9	0.6	80.0	2.0	0.05	2.0	1.0	0.6	0.2	20.0	1.5	20.0	0.3	0.7
990000	0.6842913050784551	70.0	11.0	0.7	18.0	0.8	0.2	100.0	10.0	0.01	2.0	0.9	0.6	80.0	2.0	0.05	2.0	1.0	0.6	0.2	20.0	1.5	20.0	0.3	0.7
1000000	0.6848858710045969	70.0	11.0	0.7	18.0	0.8	0.2	100.0	10.0	0.01	2.0	0.9	0.6	80.0	2.0	0.05	2.0	1.0	0.6	0.2	20.0	1.5	20.0	0.3	0.7
1010000	0.6844643303258496	70.0	11.0	0.7	18.0	0.8	0.2	100.0	10.0	0.01	2.0	0.9	0.6	80.0	2.0	0.05	2.0	1.0	0.6	0.2	20.0	1.5	20.0	0.3	0.7
1020000	0.6842052304572289	70.0	11.0	0.7	18.0	0.8	0.2	100.0	10.0	0.01	2.0	0.9	0.6	80.0	2.0	0.05	2.0	1.0	0.6	0.2	20.0	1.5	20.0	0.3	0.7
1030000	0.6844749881750962	70.0	11.0	0.7	18.0	0.8	0.2	100.0	10.0	0.01	2.0	0.9	0.6	80.0	2.0	0.05	2.0	1.0	0.6	0.2	20.0	1.5	20.0	0.3	0.7
1040000	0.6844721268068841	70.0	11.0	0.7	18.0	0.8	0.2	100.0	10.0	0.01	2.0	0.9	0.6	80.0	2.0	0.05	2.0	1.0	0.6	0.2	20.0	1.5	20.0	0.3	0.7
1050000	0.6840385627240211	70.0	11.0	0.7	18.0	0.8	0.2	100.0	10.0	0.01	2.0	0.9	0.6	80.0	2.0	0.05	2.0	1.0	0.6	0.2	20.0	1.5	20.0	0.3	0.7
1060000	0.6841787577408238	70.0	11.0	0.7	18.0	0.8	0.2	100.0	10.0	0.01	2.0	0.9	0.6	80.0	2.0	0.05	2.0	1.0	0.6	0.2	20.0	1.5	20.0	0.3	0.7
1070000	0.6844697798663057	70.0	11.0	0.7	18.0	0.8	0.2	100.0	10.0	0.01	2.0	0.9	0.6	80.0	2.0	0.05	2.0	1.0	0.6	0.2	20.0	1.5	20.0	0.3	0.7
1080000	0.6844051547825616	70.0	11.0	0.7	18.0	0.8	0.2	100.0	10.0	0.01	2.0	0.9	0.6	80.0	2.0	0.05	2.0	1.0	0.6	0.2	20.0	1.5	20.0	0.3	0.7
1090000	0.68463384041261	70.0	11.0	0.7	18.0	0.8	0.2	100.0	10.0	0.01	2.0	0.9	0.6	80.0	2.0	0.05	2.0	1.0	0.6	0.2	20.0	1.5	20.0	0.3	0.7
1100000	0.6836946181574527	70.0	11.0	0.7	18.0	0.8	0.2	100.0	10.0	0.01	2.0	0.9	0.6	80.0	2.0	0.05	2.0	1.0	0.6	0.2	20.0	1.5	20.0	0.3	0.7
1110000	0.6846014074252108	70.0	11.0	0.7	18.0	0.8	0.2	100.0	10.0	0.01	2.0	0.9	0.6	80.0	2.0	0.05	2.0	1.0	0.6	0.2	20.0	1.5	20.0	0.3	0.7
1120000	0.6848176365014437	70.0	11.0	0.7	18.0	0.8	0.2	100.0	10.0	0.01	2.0	0.9	0.6	80.0	2.0	0.05	2.0	1.0	0.6	0.2	20.0	1.5	20.0	0.3	0.7
1130000	0.6838285085924367	70.0	11.0	0.7	18.0	0.8	0.2	100.0	10.0	0.01	2.0	0.9	0.6	80.0	2.0	0.05	2.0	1.0	0.6	0.2	20.0	1.5	20.0	0.3	0.7
1140000	0.684442473636871	70.0	11.0	0.7	18.0	0.8	0.2	100.0	10.0	0.01	2.0	0.9	0.6	80.0	2.0	0.05	2.0	1.0	0.6	0.2	20.0	1.5	20.0	0.3	0.7
1150000	0.6839678806867509	70.0	11.0	0.7	18.0	0.8	0.2	100.0	10.0	0.01	2.0	0.9	0.6	80.0	2.0	0.05	2.0	1.0	0.6	0.2	20.0	1.5	20.0	0.3	0.7
1160000	0.6843950836058014	70.0	11.0	0.7	18.0	0.8	0.2	100.0	10.0	0.01	2.0	0.9	0.6	80.0	2.0	0.05	2.0	1.0	0.6	0.2	20.0	1.5	20.0	0.3	0.7
1170000	0.6838095023230585	70.0	11.0	0.7	18.0	0.8	0.2	100.0	10.0	0.01	2.0	0.9	0.6	80.0	2.0	0.05	2.0	1.0	0.6	0.2	20.0	1.5	20.0	0.3	0.7
1180000	0.6843566793844524	70.0	11.0	0.7	18.0	0.8	0.2	100.0	10.0	0.01	2.0	0.9	0.6	80.0	2.0	0.05	2.0	1.0	0.6	0.2	20.0	1.5	20.0	0.3	0.7
1190000	0.6845648388921762	70.0	11.0	0.7	18.0	0.8	0.2	100.0	10.0	0.01	2.0	0.9	0.6	80.0	2.0	0.05	2.0	1.0	0.6	0.2	20.0	1.5	20.0	0.3	0.7
1200000	0.6843360315399306	70.0	11.0	0.7	18.0	0.8	0.2	100.0	10.0	0.01	2.0	0.9	0.6	80.0	2.0	0.05	2.0	1.0	0.6	0.2	20.0	1.5	20.0	0.3	0.7
1210000	0.6841705237302046	70.0	11.0	0.7	18.0	0.8	0.2	100.0	10.0	0.01	2.0	0.9	0.6	80.0	2.0	0.05	2.0	1.0	0.6	0.2	20.0	1.5	20.0	0.3	0.7
1220000	0.6840768083057519	70.0	11.0	0.7	18.0	0.8	0.2	100.0	10.0	0.01	2.0	0.9	0.6	80.0	2.0	0.05	2.0	1.0	0.6	0.2	20.0	1.5	20.0	0.3	0.7
1230000	0.6843633713706194	70.0	11.0	0.7	18.0	0.8	0.2	100.0	10.0	0.01	2.0	0.9	0.6	80.0	2.0	0.05	2.0	1.0	0.6	0.2	20.0	1.5	20.0	0.3	0.7
1240000	0.6843144676040933	70.0	11.0	0.7	18.0	0.8	0.2	100.0	10.0	0.01	2.0	0.9	0.6	80.0	2.0	0.05	2.0	1.0	0.6	0.2	20.0	1.5	20.0	0.3	0.7
1250000	0.6839246696356867	70.0	11.0	0.7	18.0	0.8	0.2	100.0	10.0	0.01	2.0	0.9	0.6	80.0	2.0	0.05	2.0	1.0	0.6	0.2	20.0	1.5	20.0	0.3	0.7
1260000	0.6839812743144742	70.0	11.0	0.7	18.0	0.8	0.2	100.0	10.0	0.01	2.0	0.9	0.6	80.0	2.0	0.05	2.0	1.0	0.6	0.2	20.0	1.5	20.0	0.3	0.7
1270000	0.6842704882871288	70.0	11.0	0.7	18.0	0.8	0.2	100.0	10.0	0.01	2.0	0.9	0.6	80.0	2.0	0.05	2.0	1.0	0.6	0.2	20.0	1.5	20.0	0.3	0.7
1280000	0.6846382471709935	70.0	11.0	0.7	18.0	0.8	0.2	100.0	10.0	0.01	2.0	0.9	0.6	80.0	2.0	0.05	2.0	1.0	0.6	0.2	20.0	1.5	20.0	0.3	0.7
1290000	0.684391957810364	70.0	11.0	0.7	18.0	0.8	0.2	100.0	10.0	0.01	2.0	0.9	0.6	80.0	2.0	0.05	2.0	1.0	0.6	0.2	20.0	1.5	20.0	0.3	0.7
1300000	0.6841713039813192	70.0	11.0	0.7	18.0	0.8	0.2	100.0	10.0	0.01	2.0	0.9	0.6	80.0	2.0	0.05	2.0	1.0	0.6	0.2	20.0	1.5	20.0	0.3	0.7
1310000	0.6843629110684224	70.0	11.0	0.7	18.0	0.8	0.2	100.0	10.0	0.01	2.0	0.9	0.6	80.0	2.0	0.05	2.0	1.0	0.6	0.2	20.0	1.5	20.0	0.3	0.7
1320000	0.6841480735192697	70.0	11.0	0.7	18.0	0.8	0.2	100.0	10.0	0.01	2.0	0.9	0.6	80.0	2.0	0.05	2.0	1.0	0.6	0.2	20.0	1.5	20.0	0.3	0.7
1330000	0.684000481951482	70.0	11.0	0.7	18.0	0.8	0.2	100.0	10.0	0.01	2.0	0.9	0.6	80.0	2.0	0.05	2.0	1.0	0.6	0.2	20.0	1.5	20.0	0.3	0.7
1340000	0.6842811223670563	70.0	11.0	0.7	18.0	0.8	0.2	100.0	10.0	0.01	2.0	0.9	0.6	80.0	2.0	0.05	2.0	1.0	0.6	0.2	20.0	1.5	20.0	0.3	0.7
1350000	0.6847440483724179	70.0	11.0	0.7	18.0	0.8	0.2	100.0	10.0	0.01	2.0	0.9	0.6	80.0	2.0	0.05	2.0	1.0	0.6	0.2	20.0	1.5	20.0	0.3	0.7
1360000	0.6842811869803999	70.0	11.0	0.7	18.0	0.8	0.2	100.0	10.0	0.01	2.0	0.9	0.6	80.0	2.0	0.05	2.0	1.0	0.6	0.2	20.0	1.5	20.0	0.3	0.7
1370000	0.6841675601258101	70.0	11.0	0.7	18.0	0.8	0.2	100.0	10.0	0.01	2.0	0.9	0.6	80.0	2.0	0.05	2.0	1.0	0.6	0.2	20.0	1.5	20.0	0.3	0.7
1380000	0.6846185348048378	70.0	11.0	0.7	18.0	0.8	0.2	100.0	10.0	0.01	2.0	0.9	0.6	80.0	2.0	0.05	2.0	1.0	0.6	0.2	20.0	1.5	20.0	0.3	0.7
1390000	0.6842968721443857	70.0	11.0	0.7	18.0	0.8	0.2	100.0	10.0	0.01	2.0	0.9	0.6	80.0	2.0	0.05	2.0	1.0	0.6	0.2	20.0	1.5	20.0	0.3	0.7
1400000	0.6838844947521944	70.0	11.0	0.7	18.0	0.8	0.2	100.0	10.0	0.01	2.0	0.9	0.6	80.0	2.0	0.05	2.0	1.0	0.6	0.2	20.0	1.5	20.0	0.3	0.7
1410000	0.6845777814302703	70.0	11.0	0.7	18.0	0.8	0.2	100.0	10.0	0.01	2.0	0.9	0.6	80.0	2.0	0.05	2.0	1.0	0.6	0.2	20.0	1.5	20.0	0.3	0.7
1420000	0.684697078412065	70.0	11.0	0.7	18.0	0.8	0.2	100.0	10.0	0.01	2.0	0.9	0.6	80.0	2.0	0.05	2.0	1.0	0.6	0.2	20.0	1.5	20.0	0.3	0.7
1430000	0.6841485763854043	70.0	11.0	0.7	18.0	0.8	0.2	100.0	10.0	0.01	2.0	0.9	0.6	80.0	2.0	0.05	2.0	1.0	0.6	0.2	20.0	1.5	20.0	0.3	0.7
1440000	0.6844993434192972	70.0	11.0	0.7	18.0	0.8	0.2	100.0	10.0	0.01	2.0	0.9	0.6	80.0	2.0	0.05	2.0	1.0	0.6	0.2	20.0	1.5	20.0	0.3	0.7
1450000	0.6845853102676327	70.0	11.0	0.7	18.0	0.8	0.2	100.0	10.0	0.01	2.0	0.9	0.6	80.0	2.0	0.05	2.0	1.0	0.6	0.2	20.0	1.5	20.0	0.3	0.7
1460000	0.6839112640134244	70.0	11.0	0.7	18.0	0.8	0.2	100.0	10.0	0.01	2.0	0.9	0.6	80.0	2.0	0.05	2.0	1.0	0.6	0.2	20.0	1.5	20.0	0.3	0.7
1470000	0.6839475644864567	70.0	11.0	0.7	18.0	0.8	0.2	100.0	10.0	0.01	2.0	0.9	0.6	80.0	2.0	0.05	2.0	1.0	0.6	0.2	20.0	1.5	20.0	0.3	0.7
1480000	0.6845878960841445	70.0	11.0	0.7	18.0	0.8	0.2	100.0	10.0	0.01	2.0	0.9	0.6	80.0	2.0	0.05	2.0	1.0	0.6	0.2	20.0	1.5	20.0	0.3	0.7
1490000	0.6844876894448244	70.0	11.0	0.7	18.0	0.8	0.2	100.0	10.0	0.01	2.0	0.9	0.6	80.0	2.0	0.05	2.0	1.0	0.6	0.2	20.0	1.5	20.0	0.3	0.7
1500000	0.684383108795842	70.0	11.0	0.7	18.0	0.8	0.2	100.0	10.0	0.01	2.0	0.9	0.6	80.0	2.0	0.05	2.0	1.0	0.6	0.2	20.0	1.5	20.0	0.3	0.7
1510000	0.684069589598049	70.0	11.0	0.7	18.0	0.8	0.2	100.0	10.0	0.01	2.0	0.9	0.6	80.0	2.0	0.05	2.0	1.0	0.6	0.2	20.0	1.5	20.0	0.3	0.7
